ts=2022-02-01T09:07:20.306171362Z caller=release.go:79 component=release release=frontend targetNamespace=microservices-demo resource=microservices-demo:helmrelease/frontend helmVersion=v3 info="starting sync run"
ts=2022-02-01T09:07:20.604600925Z caller=release.go:289 component=release release=frontend targetNamespace=microservices-demo resource=microservices-demo:helmrelease/frontend helmVersion=v3 info="running dry-run upgrade to compare with release version '2'" action=dry-run-compare
ts=2022-02-01T09:07:20.610228012Z caller=helm.go:69 component=helm version=v3 info="preparing upgrade for frontend" targetNamespace=microservices-demo release=frontend
ts=2022-02-01T09:07:20.613889133Z caller=helm.go:69 component=helm version=v3 info="resetting values to the chart's original version" targetNamespace=microservices-demo release=frontend
ts=2022-02-01T09:07:21.125207064Z caller=helm.go:69 component=helm version=v3 info="performing update for frontend" targetNamespace=microservices-demo release=frontend
ts=2022-02-01T09:07:21.139980129Z caller=helm.go:69 component=helm version=v3 info="dry run for frontend" targetNamespace=microservices-demo release=frontend
ts=2022-02-01T09:07:21.23576108Z caller=release.go:311 component=release release=frontend targetNamespace=microservices-demo resource=microservices-demo:helmrelease/frontend helmVersion=v3 info="no changes" phase=dry-run-compare
ts=2022-02-01T09:07:53.678291725Z caller=release.go:79 component=release release=frontend targetNamespace=microservices-demo resource=microservices-demo:helmrelease/frontend helmVersion=v3 info="starting sync run"
ts=2022-02-01T09:07:53.955772129Z caller=release.go:353 component=release release=frontend targetNamespace=microservices-demo resource=microservices-demo:helmrelease/frontend helmVersion=v3 info="running upgrade" action=upgrade
ts=2022-02-01T09:07:53.991166517Z caller=helm.go:69 component=helm version=v3 info="preparing upgrade for frontend" targetNamespace=microservices-demo release=frontend
ts=2022-02-01T09:07:53.996537862Z caller=helm.go:69 component=helm version=v3 info="resetting values to the chart's original version" targetNamespace=microservices-demo release=frontend
ts=2022-02-01T09:07:54.448881096Z caller=helm.go:69 component=helm version=v3 info="performing update for frontend" targetNamespace=microservices-demo release=frontend
ts=2022-02-01T09:07:54.465568486Z caller=helm.go:69 component=helm version=v3 info="creating upgraded release for frontend" targetNamespace=microservices-demo release=frontend
ts=2022-02-01T09:07:54.482570434Z caller=helm.go:69 component=helm version=v3 info="checking 4 resources for changes" targetNamespace=microservices-demo release=frontend
ts=2022-02-01T09:07:54.4907103Z caller=helm.go:69 component=helm version=v3 info="Looks like there are no changes for Service \"frontend\"" targetNamespace=microservices-demo release=frontend
ts=2022-02-01T09:07:54.505987918Z caller=helm.go:69 component=helm version=v3 info="Created a new Deployment called \"frontend-hipster\" in microservices-demo\n" targetNamespace=microservices-demo release=frontend
ts=2022-02-01T09:07:54.557490801Z caller=helm.go:69 component=helm version=v3 info="Deleting \"frontend\" in microservices-demo..." targetNamespace=microservices-demo release=frontend
ts=2022-02-01T09:07:54.659862308Z caller=helm.go:69 component=helm version=v3 info="updating status for upgraded release for frontend" targetNamespace=microservices-demo release=frontend
ts=2022-02-01T09:07:54.702072654Z caller=release.go:364 component=release release=frontend targetNamespace=microservices-demo resource=microservices-demo:helmrelease/frontend helmVersion=v3 info="upgrade succeeded" revision=80b892c248ee7e39a57b77f85502da62dca60206 phase=upgrade
ts=2022-02-01T09:08:20.305971804Z caller=release.go:79 component=release release=frontend targetNamespace=microservices-demo resource=microservices-demo:helmrelease/frontend helmVersion=v3 info="starting sync run"
ts=2022-02-01T09:08:20.631202439Z caller=release.go:289 component=release release=frontend targetNamespace=microservices-demo resource=microservices-demo:helmrelease/frontend helmVersion=v3 info="running dry-run upgrade to compare with release version '3'" action=dry-run-compare
ts=2022-02-01T09:08:20.637564474Z caller=helm.go:69 component=helm version=v3 info="preparing upgrade for frontend" targetNamespace=microservices-demo release=frontend
ts=2022-02-01T09:08:20.642792867Z caller=helm.go:69 component=helm version=v3 info="resetting values to the chart's original version" targetNamespace=microservices-demo release=frontend
ts=2022-02-01T09:08:21.178083132Z caller=helm.go:69 component=helm version=v3 info="performing update for frontend" targetNamespace=microservices-demo release=frontend
ts=2022-02-01T09:08:21.207414849Z caller=helm.go:69 component=helm version=v3 info="dry run for frontend" targetNamespace=microservices-demo release=frontend
ts=2022-02-01T09:08:21.3130904Z caller=release.go:311 component=release release=frontend targetNamespace=microservices-demo resource=microservices-demo:helmrelease/frontend helmVersion=v3 info="no changes" phase=dry-run-compare
